,target,doc
0,0,  at org.apache.lucene.util.LuceneTestCase.expectThrows(LuceneTestCase.java:2744)
1,0,"17:25:20    1>         ""root_cause"" : ["
2,0,    at org.springframework.data.redis.connection.jedis.JedisConnectionFactory.getConnection(JedisConnectionFactory.java:251) ~[spring-data-redis-1.6.1.RELEASE.jar:1.6.1.RELEASE]
3,0,                boolean write = ii % 2 == 0;
4,0,    at org.elasticsearch.cli.Command.mainWithoutErrorHandling(Command.java:88)
5,0,"    for (int i = 0, n = emitters.size; i < n; i++) {"
6,0,    batch!!.begin()
7,0,com.google.common.base.Converter: can't find referenced class com.google.errorprone.annotations.concurrent.LazyInit
8,0,"		learningRateSchedule.put(400, 0.01);"
9,0,Invalid query: field 'translatedStringList' in class 'LocalizedString' is of invalid type 'LIST'.
10,0,"t1 (v) AS (VALUES 1),"
11,0,```
12,0,    @Bean
13,0,"      ""value"" : 398,"
14,0, Runtime aborting...
15,0,"              },"
16,0,```
17,0,2020-07-09 18:26:06.111 13217-13217/com.videoplayer.easylife4u D/ViewRootImpl@814bf6d[PlayerActivity]: ViewPostIme pointer 1
18,0,-Dgraalvm.locatorDisabled=true \
19,0,Caused by: org.hibernate.HibernateException: Access to DialectResolutionInfo cannot be null when 'hibernate.dialect' not set
20,0,    ./mvnw install -DskipTests
21,0,Audio channel layout: Stereo (L R)
22,0,        at java.util.concurrent.ThreadPoolExecutor.runWorker(ThreadPoolExecutor.java:1130) [?:?]
23,0,1   libsystem_pthread.dylib       	0x00007fff20312e6f _pthread_cond_wait + 1254
24,0,}
25,0,"            ""start_time_in_millis"": 1459881018320,"
26,1,but was not.
27,0,    private final String principalName;
28,0,io.debezium.examples:kstreams-live-update-aggregator:jar:0.1-SNAPSHOT
29,0,Â  | Â»  	at org.elasticsearch.action.bulk.Retry$RetryHandler.onResponse(Retry.java:77) ~[elasticsearch-7.12.0-SNAPSHOT.jar:7.12.0-SNAPSHOT] | Â 
30,0,        at io.quarkus.creator.phase.runnerjar.RunnerJarPhase.provideOutcome(RunnerJarPhase.java:59)
31,0,        at com.squareup.moshi.Moshi.adapter(Moshi.java:150)
32,0,        <compiler-plugin.version>{maven-compiler-plugin.version}</compiler-plugin.version>
33,0,"       .initParameter(""confPath"", ""urlrewrite.xml"")"
34,0,            }
35,0,        at java.lang.Thread.run(Thread.java:834)
36,0,}
37,0,                    }
38,0,  at org.apache.lucene.util.TestRuleIgnoreAfterMaxFailures$1.evaluate(TestRuleIgnoreAfterMaxFailures.java:64)
39,0,```
40,0,[ERROR] urls[75] = file:/C:/Users/PBDR10191/.m2/repository/com/fasterxml/jackson/dataformat/jackson-dataformat-yaml/2.12.3/jackson-dataformat-yaml-2.12.3.jar
41,0,"      ""type"": ""text"","
42,0,:CoreLib:compileLint
43,0,            {
44,0,2019-05-07 17:57:50.326 31833-32005/com.orange.es.androidtv E/ACodec: [OMX.MTK.VIDEO.DECODER.AVC.secure] setPortMode on output to DynamicANWBuffer failed w/ err -1010
45,0,"    ""message"": ""hello world"""
46,0,"      - ""9092:9092"""
47,0,      {
48,0,        at com.fasterxml.jackson.dataformat.yaml.YAMLFactory.createParser(YAMLFactory.java:321)
49,0,            entries.add(entry);
50,0,Removed beans:
51,0,	at org.jkiss.dbeaver.runtime.jobs.ConnectJob.runSync(ConnectJob.java:98)
52,0,"          ""ignore_above"": 50,"
53,0,    // WORKS!!!
54,0,	at org.eclipse.jetty.server.handler.StatisticsHandler.handle(StatisticsHandler.java:169)
55,0,"         ""properties"": {"
56,0,```kotlin
57,0,        Realm.setDefaultConfiguration(syncConfiguration);
58,0,"[2021-04-30T02:58:06,436][INFO ][org.elasticsearch.xpack.ilm.IndexLifecycleTransition] [instance-0000000001] moving index [metricbeat-7.6.0-2021.04.30-000219] from [{""phase"":""cold"",""action"":""complete"",""name"":""complete""}] to [{""phase"":""frozen"",""action"":""searchable_snapshot"",""name"":""branch-check-prerequisites""}] in policy [metricbeat]"
59,0,"        connectionProperties.setProperty(""nullCatalogMeansCurrent"", ""false"");"
60,0,		at io.netty.handler.ssl.SslHandler.channelInactive(SslHandler.java:1063)
61,0,```
62,0,at org.gradle.internal.remote.internal.hub.MessageHub$Handler.run(MessageHub.java:404)
63,0,```
64,0,0.1% (647.2micros out of 500ms) cpu usage by thread 'elasticsearch[es1][management][T#4]'
65,0,"            {""name"":""ByteBinary4Bit""}, "
66,0,            this.extractor = extractor;
67,0,   BootGlobalAuthenticationConfiguration matched:
68,0,```
69,0,2019-02-12 08:19:17.829  INFO 67639 --- [on(2)-127.0.0.1] com.zaxxer.hikari.HikariDataSource       : HikariPool-1 - Starting...
70,0,"    'main',     // main sample code; look here for the interesting stuff."
71,0,	at com.facebook.presto.sql.analyzer.ExpressionAnalyzer$Visitor.visitFunctionCall(ExpressionAnalyzer.java:268)
72,0,	at io.vertx.test.core.AsyncTestBase.await(AsyncTestBase.java:131)
73,0,	at org.eclipse.swt.widgets.Widget.notifyListeners(Widget.java:1196)
74,0,	at org.apache.catalina.startup.Tomcat.start(Tomcat.java:370)
75,0,"                  ""bcc"","
76,0,        at org.jboss.resteasy.core.MethodInjectorImpl.lambda$invoke$3(MethodInjectorImpl.java:122)
77,0,    }
78,0,	at com.sun.proxy.$Proxy2.stop(Unknown Source) ~[na:na]
79,0,"    lineitem_part3.extendedprice, "
80,0,	at sun.reflect.generics.repository.ClassRepository.getSuperclass(ClassRepository.java:90) ~[na:1.8.0_172]
81,0,	at org.elasticsearch.common.util.concurrent.AbstractRunnable.run(AbstractRunnable.java:37) ~[elasticsearch-5.3.1.jar:5.3.1]
82,0,	at org.junit.platform.engine.support.hierarchical.ThrowableCollector.execute(ThrowableCollector.java:73)
83,0,          into '/opt/app/eldorado-root/'
84,0,	at kotlin.ExceptionsKt__ExceptionsKt.addSuppressed(Exceptions.kt:48)
85,0,    at org.apache.catalina.connector.Connector.startInternal(Connector.java:1007)
86,0,[INFO] +- org.cache2k:cache2k-api:jar:1.0.1.Final:provided
87,0,"            ""term"" : { ""name.first"" : ""shay"" }"
88,0,"#             ""_id"" : ""20"","
89,0,                                                                                at android.os.HandlerThread.run(HandlerThread.java:61)
90,0,"      ""operator"": ""OR"""
91,0,    def tearDown(self):
92,0,"    public DeferredResult<String> start(final HttpServletResponse response,"
93,0,      // NOTE: delegate the permission handling to generated method
94,0,	at org.junit.platform.engine.support.hierarchical.NodeTestTask.execute(NodeTestTask.java:71)
95,0,"    logger.info( ""Updated session variable {} : {}"", SAMPLE_SESSION_VAR, curValue ) ;"
96,0,        list.add(number);
97,0,```
98,0,            <groupId>org.deeplearning4j</groupId>
99,0,PlayerNotificationManager.NotificationListener notificationListener = new PlayerNotificationManager.NotificationListener() {
100,0,"public abstract class Subscriber<T> implements Observer<T>, Subscription {"
101,0,"                .addOutputs(Nd4j.create(DataType.FLOAT, 10))"
102,0,	at jdk.internal.reflect.NativeMethodAccessorImpl.invoke0(Native Method) ~[?:?]
103,0,node.name: mes-any-log003-mes_any_log1
104,0,    at org.jkiss.dbeaver.registry.DataSourceDescriptor.initConnection(DataSourceDescriptor.java:639)
105,0,[DEBUG]       org.apache.maven.shared:maven-shared-utils:jar:3.0.1:compile
106,0,at org.apache.http.protocol.HttpRequestExecutor.doReceiveResponse(HttpRequestExecutor.java:273)
107,0,	at org.elasticsearch.cluster.node.DiscoveryNodeFilters.lambda$static$0(DiscoveryNodeFilters.java:58) ~[elasticsearch-5.5.1.jar:5.5.1]
108,0,SDVariable accuracy = ...;
109,0,	at io.quarkus.runtime.Application.start(Application.java:101)
110,0,        at java.util.concurrent.ForkJoinTask.getThrowableException(ForkJoinTask.java:598)
111,0,          <snapshots>
112,0,"                        ""type"": ""category"","
113,0,./libvpx/vp9/common/vp9_loopfilter.c:492: error: undefined reference to 'vpx_lpf_horizontal_4_neon'
114,0,}'
115,0,  elastic_net:
116,0,set1.setFillAlpha(65);
117,0,```
118,0,    <properties>
119,0,	at javax.servlet.http.HttpServlet.service(HttpServlet.java:742)
120,0,    public Jackson2ObjectMapperBuilder jacksonBuilder() {
121,0,0x00400000 - 0x00433000     C:\Program Files\Java\jdk1.8.0_45\bin\java.exe
122,0,    public String getValue() {
123,0,        at org.springframework.context.support.AbstractApplicationContext.refresh(AbstractApplicationContext.java:538)
124,0,"Project loading failed: (r)etry, (q)uit, (l)ast, or (i)gnore?"
125,0,	at org.apache.lucene.util.TestRuleIgnoreAfterMaxFailures$1.evaluate(TestRuleIgnoreAfterMaxFailures.java:64)
126,0,	at com.facebook.presto.metadata.FunctionRegistry$2.load(FunctionRegistry.java:342)
127,0,	at org.springframework.util.ReflectionUtils.getUniqueDeclaredMethods(ReflectionUtils.java:599) ~[spring-core-5.0.7.RELEASE.jar:5.0.7.RELEASE]
128,0,```
129,0,        at org.nd4j.autodiff.samediff.internal.InferenceSession.getAndParameterizeOp(InferenceSession.java:622)
130,0,```
131,0,INFO - ? - ? - flags: { }
132,0,```
133,0,"              ""query"": ""test"","
134,0,"              ""stats"": {"
135,0,```
136,0,import org.androidannotations.annotations.SystemService;
137,0,            <groupId>com.adobe.cq</groupId>
138,0,  at com.carrotsearch.randomizedtesting.rules.StatementAdapter.evaluate(StatementAdapter.java:36)
139,0,```
140,0,	at com.google.android.exoplayer2.mediacodec.MediaCodecRenderer.maybeInitCodec(MediaCodecRenderer.java:15)
141,0,{
142,0,7fac0803d000-7fac0803e000 rw-p 00007000 08:05 9964298                    /usr/lib/gdk-pixbuf-2.0/2.10.0/loaders/libpixbufloader-png.so
143,0,			<groupId>info.cukes</groupId>
144,0,+--- org.hibernate:hibernate-core -> 5.2.17.Final
145,0,!MESSAGE SQL Anywhere Error -141: Table 'NC_Workstation' not found
146,0,  at com.carrotsearch.randomizedtesting.RandomizedRunner$8.evaluate(RandomizedRunner.java:938)
147,0,"  <overwrite default-value=""false""/>"
148,0,	at io.undertow.server.Connectors.executeRootHandler(Connectors.java:364)
149,0,java.base/jdk.internal.reflect.NativeMethodAccessorImpl.invoke0(Native Method)
150,0,"[2016-11-25T09:50:32,140][ERROR][o.e.b.Bootstrap          ] [node-2] node validation exception"
151,0,          }
152,0,"+	@Specialization(guards = { ""values.hasMetaObject(value)"" }, limit = ""1"")"
153,0,```
154,0,```
155,0,//Set epsilons for the vertices that provide inputs to this vertex:
156,0,        at android.media.MediaDrm.provideKeyResponse(Native Method)
157,0,r.u.PerfTransforms.mapTransformation              1024  thrpt         5    21140.253      255.681    ops/s
158,0,    -p 8080:8080 \
159,0,"   Service: Cipher, Algorithm: ChaCha20-Poly1305, Class: com.sun.crypto.provider.ChaCha20Cipher$ChaCha20Poly1305"
160,0,"    -Dpath=""/hello"""
161,0,02-24 14:45:55.972: I/DEBUG(147): memory near r5:
162,0,"@Bean(destroyMethod = ""shutdown"")"
163,0,"  ""_source"": true,"
164,0,> GET / HTTP/1.1
165,0,}
166,0,"                Reporter.log(""\nException in getting and setting the webdriver IE driver: ""+ ex.getMessage() + ex.getClass(),true);"
167,0,[DEBUG]    org.codehaus.plexus:plexus-container-default:jar:1.5.5:compile
168,0,        at org.mockito.internal.configuration.InjectingAnnotationEngine.process(InjectingAnnotationEngine.java:47)
169,0,            <artifactId>lombok</artifactId>
170,0,	at sun.reflect.NativeMethodAccessorImpl.invoke(NativeMethodAccessorImpl.java:62)
171,0,"openjdk version ""11.0.7"" 2020-04-14"
172,0,"    ""foo"": ""bar"""
173,0,          -87
174,0,            browser.waitForExist(completeSelector);
175,1,"# Add your application.properties here, if applicable."
176,0,"                ""field"": ""parentSku"","
177,0,                                      {
178,0,"            var fileNames = text.Split(""\n"");"
179,0,    compileSdkVersion 25
180,0,    at org.springframework.data.redis.core.RedisTemplate.execute(RedisTemplate.java:153) ~[spring-data-redis-1.6.1.RELEASE.jar:1.6.1.RELEASE]
181,0,"  1>                           ""description"" : ""parameter k1"","
182,1,"    *   Add release method to the `Cache` interface, and prevent multiple"
183,0,	at org.glassfish.jersey.servlet.ServletContainer.service(ServletContainer.java:342)
184,0,    Apache Maven 3.6.3 (cecedd343002696d0abb50b32b541b8a6ba2883f)
185,0,socket.handler(buffer -> {
186,0,"cluster.name: ""test"""
187,0,"            Aggregations = new Dictionary<string, IAggregationContainer>"
188,0,	at net.bull.javamelody.MonitoringFilter.doFilter(MonitoringFilter.java:202) ~[javamelody-core-1.67.0.jar:1.67.0]
189,0,|- is defined in library method overridden by:
190,0,        at org.elasticsearch.xpack.sql.execution.search.Querier$BaseActionListener.onResponse(Querier.java:382)
191,0,                    </execution>
192,0,"org.elasticsearch.search.SearchParseException: [logstash-2015.04.08][0]: query[ConstantScore(BooleanFilter(+QueryWrapperFilter(host:codemanager) +QueryWrapperFilter(ConstantScore(cache(_type:nginx))) +cache(@timestamp:[1428486256162 TO 1428487156162])))],from[-1],size[500],sort[<custom:""@timestamp"": org.elasticsearch.index.fielddata.fieldcomparator.LongValuesComparatorSource@3ce90bce>!]: Parse Failure [Failed to parse source [{""query"":{""filtered"":{""query"":{""query_string"":{""analyze_wildcard"":true,""query"":""*""}},""filter"":{""bool"":{""must"":[{""query"":{""match"":{""host"":{""query"":""codemanager"",""type"":""phrase""}}}},{""query"":{""match"":{""_type"":{""query"":""nginx"",""type"":""phrase""}}}},{""range"":{""@timestamp"":{""gte"":1428486256162,""lte"":1428487156162}}}],""must_not"":[]}}}},""highlight"":{""pre_tags"":[""@kibana-highlighted-field@""],""post_tags"":[""@/kibana-highlighted-field@""],""fields"":{""*"":{}}},""size"":500,""sort"":{""@timestamp"":""desc""},""aggs"":{""2"":{""date_histogram"":{""field"":""@timestamp"",""interval"":""30s"",""pre_zone"":""+02:00"",""pre_zone_adjust_large_interval"":true,""min_doc_count"":0,""extended_bounds"":{""min"":1428486256161,""max"":1428487156161}}}},""fields"":[""*"",""_source""],""script_fields"":{""lala"":{""script"":""doc['status'].value+42"",""lang"":""expression""}},""fielddata_fields"":[""@timestamp"",""time""]}]]"
193,0,android.app.ActivityThread$H.handleMessage (ActivityThread.java:2148)
194,0,14:53:27 	at org.gradle.internal.invocation.GradleBuildController$1.create(GradleBuildController.java:67)
195,0,```
196,0,                    if (fields.isEmpty()) {
197,0,        at org.springframework.boot.SpringApplicationRunListeners.environmentPrepared(SpringApplicationRunListeners.java:54)
198,0,```
199,0,				<scope>import</scope>
200,0,            <repositories>
201,0,  502   437     1   0 10:57AM ??         0:01.58 /Library/Application Support/Symantec/Silo/NFM/SymUIAgent/Norton.app/Contents/MacOS/Norton
202,0,                                    }
203,0,	at com.tmtron.greenannotations.handler.EventBusGreenRobotHandler.assignValue(EventBusGreenRobotHandler.java:100)
204,0,public static MyGenericBean_ getInstance_(Context context) {
205,1," * Unless required by applicable law or agreed to in writing, software distributed under the License is"
206,0,```
207,0,	at java.lang.reflect.Proxy.<clinit>(Proxy.java:240)
208,0,                <artifactId>postgresql</artifactId>
209,0,    ... 48 more
210,0,"                          ""build_scorer_count"": 1,"
211,0,org.springframework.beans.factory.BeanDefinitionStoreException: Failed to read candidate component class: URL [jar:file:/Users/yann/Desktop/_Spring/___boot/spring-boot-autoconfigure-1.2.0.BUILD-20141202.095010-420.jar!/org/springframework/boot/autoconfigure/security/SpringBootWebSecurityConfiguration$WebMvcSecurityConfigurationConditions$DefaultWebMvcSecurityConfiguration.class]; nested exception is java.lang.NullPointerException
212,0,      NodeBuilder.nodeBuilder().local(true).data(true).settings(
213,0,"        mTrackSelector = new DefaultTrackSelector(mExoPlayerHandler, videoTrackSelectionFactory);"
214,0,   >    at org.elasticsearch.xpack.watcher.notification.slack.message.SlackMessageTests.testTemplateRender(SlackMessageTests.java:497)
215,0,	at io.quarkus.test.junit.QuarkusTestExtension.doJavaStart(QuarkusTestExtension.java:78)
216,0,    at org.robolectric.internal.SandboxTestRunner$1.evaluate(SandboxTestRunner.java:63)
217,0,	at io.netty.handler.ssl.SslHandler.runAllDelegatedTasks(SslHandler.java:1557)
218,0,    ([#1544](https://github.com/google/ExoPlayer/issues/1544)).
219,0,</html>
220,0,        @Produces(MediaType.MULTIPART_FORM_DATA)
221,0,"           TLog.i(TAG, ""getObserver onCompleted"");"
222,0,    @Override
223,0,    ]
224,0,"              ""analyzer"" : ""default"""
225,0,"                ""airplain"": ""100"","
226,0,"REPRODUCE WITH: ./gradlew ':server:integTest' --tests ""org.elasticsearch.cluster.shards.ClusterShardLimitIT.testIndexCreationOverLimitFromTemplate"" -Dtests.seed=62DFAF52204E17E9 -Dtests.security.manager=true -Dtests.locale=ar-YE -Dtests.timezone=America/El_Salvador -Dcompiler.java=12 -Druntime.java=8"
227,0,        at org.eclipse.ui.internal.Workbench.createAndRunWorkbench(Workbench.java:559)
228,0,    @Inject
229,0,def as_json(*)
230,0,        * Wrap the body at 72 characters
231,0,"|1186|0x000000076f600000, 0x000000076f600000, 0x000000076f700000|  0%| F|  |TAMS 0x000000076f600000, 0x000000076f600000| Untracked "
232,0,         - GitResource did not find git info at classpath:git.properties (ProjectInfoAutoConfiguration.GitResourceAvailableCondition)
233,0,    if (playlist.length == 1) return playlist[0];
234,0,          oidc-issuer-location: https://example.org
235,0,    }
236,0,  at com.carrotsearch.randomizedtesting.RandomizedRunner$8.evaluate(RandomizedRunner.java:938)
237,0,```
238,0,"[183817, 188915, 188969, 189067, 188231]"
239,0,```
240,0,            break;
241,0,"      }, {"
242,0,â””â”€â”€ src
243,0,                {
244,0,	at com.oracle.svm.core.code.IsolateEnterStub.JNIFunctions_ExceptionDescribe_b5412f7570bccae90b000bc37855f00408b2ad73(generated:0)
245,0,  at my.app.app.Models.helpers.AppMigration.migrate (AppMigration.java:106)
246,0,	at org.redisson.command.CommandAsyncService$11.run(CommandAsyncService.java:704)
247,0,java.lang.AbstractMethodError
248,0,operation however under a debugger it seemed to succeed. It seems there 
249,0,12-21 15:12:41.757  2613  2613 E EventLogger: 	at com.google.android.exoplayer2.audio.MediaCodecAudioRenderer.processOutputBuffer(MediaCodecAudioRenderer.java:439)
250,0,        tb1.addAction(Actions.alpha(0));
251,0,    at sun.reflect.NativeMethodAccessorImpl.invoke0 (Native Method)
252,0,```
253,0,```
254,0,	}
255,0,                 super(fragmentManager); 
256,0,        at io.quarkus.deployment.dev.IsolatedDevModeMain.firstStart(IsolatedDevModeMain.java:92)
257,0,      }
258,0,"            ""foo@bar.com"","
259,0,    }
260,0,"Caused by: java.lang.IllegalArgumentException: unknown setting [script.allowed_contexts] please check that any required plugins are installed, or check the breaking changes documentation for removed settings"
261,0,> ```
262,0,                }
263,0,  namespace: rabbits
264,0,0   libsystem_kernel.dylib        	0x00007fff711af882 __psynch_cvwait + 10
265,0,	at com.oracle.graal.pointsto.BigBang.finish(BigBang.java:564)
266,0,	at org.eclipse.buildship.core.internal.DefaultGradleBuild$GradleConnectionOperation.runInToolingApi(DefaultGradleBuild.java:329)
267,0,                }
268,0,2018-03-03 11:08:30.805  INFO 521 --- [ost-startStop-1] o.s.b.w.servlet.FilterRegistrationBean   : Mapping filter: 'httpTraceFilter' to: [/*] 
269,0,	at com.oracle.graal.pointsto.flow.MethodTypeFlow.doParse(MethodTypeFlow.java:310)
270,0,"    ""hits"" : [ {"
271,0,   >    at io.netty.handler.codec.ByteToMessageDecoder.callDecode(ByteToMessageDecoder.java:413)
272,0,}
273,0,"                    ""aggs"": {"
274,0,[ERROR]   location: class PanacheQueryImpl<Entity>
275,0,	at org.apache.lucene.search.BulkScorer.score(BulkScorer.java:39) ~[lucene-core-8.1.0.jar:8.1.0 dbe5ed0b2f17677ca6c904ebae919363f2d36a0a - ishan - 2019-05-09 19:34:03]
276,0,  at java.lang.reflect.Method.invoke(Method.java:567)
277,0,   >    at org.elasticsearch.test.InternalTestCluster.validateClusterFormed(InternalTestCluster.java:1156)
278,0,                    }
279,0,            val session = f()
280,0,            exception_class = NoSuchFrameException
281,0,Linux namphi-ubuntu 5.4.0-70-generic #78-Ubuntu SMP Fri Mar 19 13:29:52 UTC 2021 x86_64 x86_64 x86_64 GNU/Linux
282,0,            public String[] getConstructorPropertiesValue(Constructor<?> ctr) {
283,0,    }
284,0,  1> 	at com.carrotsearch.randomizedtesting.RandomizedRunner$7.evaluate(RandomizedRunner.java:894) [randomizedtesting-runner-2.7.1.jar:?]
285,0,    at org.elasticsearch.search.action.SearchServiceTransportAction$SearchQueryTransportHandler.messageReceived(SearchServiceTransportAction.java:365)
286,0,"    compile group: 'org.springframework.boot', name: 'spring-boot-starter-actuator', version: ""${springBoot}"""
287,0,    at org.gradle.execution.taskgraph.AbstractTaskPlanExecutor$TaskExecutorWorker.processTask(AbstractTaskPlanExecutor.java:66)
288,0,Caused by: org.elasticsearch.indices.recovery.RecoveryFailedException: [index42][0]: Recovery failed on {node_t0}{-uaTgAO2SdO65AjRKFu92A}{tUjKl9flR2iMhYrQYw4fkw}{127.0.0.1}{127.0.0.1:40836}{dim} (check index failed)
289,0,@Override
290,0,```java
291,0,    <dependency>
292,0,	at com.oracle.svm.hosted.substitute.AnnotationSubstitutionProcessor.init(AnnotationSubstitutionProcessor.java:230)
293,0,```
294,0,    at java.util.concurrent.ThreadPoolExecutor$Worker.run(ThreadPoolExecutor.java:617)
295,0,"		hide(sequence(fadeOut(0.4f, Interpolation.fade), Actions.removeListener(ignoreTouchDown, true), Actions.removeActor()));"
296,0,109    1d HIGH   cluster_reroute(async_shard_fetch)                                  
297,0,                                                                    at com.google.android.exoplayer2.mediacodec.MediaCodecRenderer.onInputFormatChanged(MediaCodecRenderer.java:839)Â 
298,0,"        String username = request.getParameter(""username"");"
299,0,  ReadOnly References: 0x111d98088 .. 0x112849ad8
300,0,    public static final String D1_DEPARTMENT_CODE = OrgEnum.DepartmentEnum.D1_DEPARTMENT.getCode();
301,0,20161222 155642 866 [HikariPool-2 connection adder] DEBUG - HikariPool-2 - Added connection net.sourceforge.jtds.jdbc.JtdsConnection@37e6d61e
302,0,c:\elasticsearch-1.4.1\bin>%JAVA_HOME%\bin\java -version 2>&1 
303,0,        at java.base/java.lang.Thread.run(Thread.java:834)
304,0,JavaScript stack:
305,0,    at org.springframework.context.support.DefaultLifecycleProcessor.onRefresh(DefaultLifecycleProcessor.java:112)
306,0,"    ""total"" : 5,"
307,0,  groupRef('ep-dev')
308,0,FAILURE: Build failed with an exception.
309,0,```
310,0,{
311,0,"     {""name"": ""tags"", ""type"":{""type"": ""array"", ""items"": ""string""}, ""default"": [""""]}"
312,0,	at com.oracle.truffle.js.nodes.interop.JSInteropExecuteNode.doDefault(JSInteropExecuteNode.java:68)
313,0,  1. 
314,0,		--initialize-at-build-time \
315,0,        at org.elasticsearch.common.settings.AbstractScopedSettings.validate(AbstractScopedSettings.java:267)
316,0,                                    {
317,0,  }
318,0,      - SE_EVENT_BUS_SUBSCRIBE_PORT=4443
319,0,TMUX_PLUGIN_MANAGER_PATH=/home/user/.tmux/plugins/
320,0,public class MyGdxGame extends InputAdapter implements ApplicationListener {
321,0,"        ""must_not"": ["
322,0,) GO;
323,0,```
324,0,    cd /Users/stevenhanus/Documents/git/LibGDXIntelMOEPluginBug/ios-moe/xcode
325,0,      for (WebDriver webDriver : webDriverList) {
326,0,    under the HLS section.
327,0,[lifecycle] Getting base image gcr.io/distroless/javaâ€¦
328,0,                              {
329,0,    }
330,0,        at org.gradle.internal.invocation.GradleBuildController.doBuild(GradleBuildController.java:96)
331,0,"               <S t=""1856230820106222"" d=""20053333"" r=""1"" />"
332,0,```
333,0,    from selenium.webdriver.chrome.options import Options
334,0,```
335,0,	at io.netty.channel.AbstractChannelHandlerContext.invokeChannelRead(AbstractChannelHandlerContext.java:365)
336,0,12-14 22:21:41.034    2644-2644/com.bwm.cinematix E/EventLoggerï¹• playerFailed [3.40]
337,0,"09-01 03:50:11.781 D/REALM_SYNC( 1172): Connection[1]: Session[1]: Progress handler called, downloaded = 0, downloadable = 0, uploaded = 0, uploadable = 263, progress version = 1, snapshot version = 5"
338,0,                <version>5.0.8.RELEASE</version>
339,0,	at java.util.concurrent.locks.AbstractQueuedSynchronizer.acquire(java.base@16.0.1/AbstractQueuedSynchronizer.java:714)
340,0,```
341,0,"        ""term"" : ""products"","
342,0,	at io.micronaut.http.server.netty.RoutingInBoundHandler.lambda$buildExecutableRoute$5(RoutingInBoundHandler.java:1056)
343,0,"<select id=""getPoblacionesIn"" parameterType=""list"" resultMap=""rmtPoblacionVO"">"
344,0,"        ""HostsPath"": ""/var/lib/docker/containers/94e783f0dc9a4c746a304f6ece5d9e32cae37e50ca3c3319aa696f58f0c3365b/hosts"","
345,0,}
346,0,   >    at java.base/jdk.internal.reflect.NativeMethodAccessorImpl.invoke(NativeMethodAccessorImpl.java:62)
347,0,{
348,0,"Sep 04, 2018 7:09:18 PM com.google.common.util.concurrent.AggregateFuture$RunningState handleException"
349,0,```
350,0,    at java.base@11.0.12/java.lang.ref.Reference.waitForReferencePendingList(Native Method)
351,0,[elasticsearch] 	at io.netty.channel.AbstractChannelHandlerContext.fireChannelRead(AbstractChannelHandlerContext.java:352) [netty-transport-4.1.38.Final.jar:4.1.38.Final]
352,0,"    self._send_output(message_body, encode_chunked=encode_chunked)"
353,0,	at org.springframework.boot.SpringApplication.refreshContext(SpringApplication.java:397)
354,0,"2021-05-05 12:17:23.789 20615-20615/com.example.actividadmultimedia D/EventLogger:       [X] Track:8, id=9, mimeType=video/avc, bitrate=1077559, codecs=avc1.4D401E, res=640x360, fps=24.0, language=und, supported=YES"
355,0,"  ""requests_per_second"" : -1.0,"
356,0,"             avg := ""avg""(""avg_4"")"
357,0,    at org.elasticsearch.discovery.ec2.AwsEc2UnicastHostsProvider.buildDynamicNodes(AwsEc2UnicastHostsProvider.java:102) [discovery-ec2-5.0.0-rc1.jar:5.0.0-rc1]
358,0,     * </code></pre>
359,0,                                                                               at io.reactivex.internal.operators.single.SingleFlatMap$SingleFlatMapCallback.onSubscribe(SingleFlatMap.java:67)
360,0,}
361,0,```
362,0,	at org.elasticsearch.repositories.s3.S3OutputStream.flushBuffer(S3OutputStream.java:69) ~[?:?]
363,0,"02-04 16:22:33.011 16868 19675 E AudioTrack: Discontinuity detected [expected 24256000, got 24512000]"
364,0,	at org.springframework.beans.factory.support.AbstractBeanFactory.lambda$doGetBean$0(AbstractBeanFactory.java:317)
365,0,        at jdk.internal.vm.ci/jdk.vm.ci.hotspot.HotSpotConstantPool.getTagAt(HotSpotConstantPool.java:309)
366,0,``` python
367,0,"    ""token"" : ""Words"","
368,0,    inet6 ::1/128 scope host
369,0,        at com.carrotsearch.randomizedtesting.ThreadLeakControl$3.evaluate(ThreadLeakControl.java:468)
370,0,"                subscriber.onError(new Exception(""Realm is empty""));"
371,0,                                        {{#someCondition}}
372,0,```
373,0,"  ""mappings"": {"
374,0,"[INFO] [ERROR] To see the full stack trace of the errors, re-run Maven with the -e switch."
375,0,	        at com.carrotsearch.randomizedtesting.RandomizedRunner$6.evaluate(RandomizedRunner.java:891)	
376,0,    at sun.nio.ch.ServerSocketChannelImpl.bind(ServerSocketChannelImpl.java:214)
377,0,"        },"
378,0,```
379,0,    <version>4.3</version>
380,0,http://joxi.ru/n2YQnnnuoeBGp2
381,0,```
382,0,curl -XDELETE -uelastic:password localhost:9200/test
383,0,public void myMethod() {
384,0,"          },"
385,0,"                    ""from"": ""2014-12-02T00:00:00.000Z"","
386,0,2017-06-29 09:43:27.579  INFO 64974 --- [           main] org.quartz.core.QuartzScheduler          : Scheduler scheduler_$_NON_CLUSTERED started.
387,0,	at java.base/java.lang.reflect.Method.invoke(Method.java:568)
388,0,```
389,0,"    @Value(""${spring.redis.host}"")"
390,0,  at com.carrotsearch.randomizedtesting.rules.NoShadowingOrOverridesOnMethodsRule$1.evaluate(NoShadowingOrOverridesOnMethodsRule.java:40)
391,0,17801-17 18:14:14.561 28464 28464 I AndroidApplication: time:261
392,0,```
393,0,```
394,0,"[info] [quickstart:26]     (inline):     952.93 ms,  2.80 GB"
395,0,```
396,0,"  ""properties"": ["
397,0,"            ""created"": {"
398,0,... 8 more
399,0,"        SpringApplication.run(TestApplication.class, args);"
400,0,"I/Vold    (  253): [LGE][VOLD][NetlinkHandler.cpp][onEvent()] subsys:cpu, action:0"
401,0,```
402,0,        ... 3 more
403,0,                Format.createTextSampleFormat(
404,0,    at org.mockito.internal.runners.JUnit45AndHigherRunnerImpl.run(JUnit45AndHigherRunnerImpl.java:37)
405,0,    at com.carrotsearch.randomizedtesting.RandomizedRunner.runSingleTest(RandomizedRunner.java:955)
406,0,        at org.jboss.builder.Execution.run(Execution.java:123)
407,0,"        String className = clazz.getSimpleName() + "".class"";"
408,0,                }
409,0,            | VAR # Variable
410,0,"Step #0 - ""build"": 	at org.gradle.internal.build.DefaultBuildLifecycleController.lambda$executeTasks$2(DefaultBuildLifecycleController.java:120)"
411,0,"    ""7"": ""B-LOC"","
412,0,        text-align: center;
413,0,"20:59:31,701 WARN  [org.hib.val.int.pro.jav.JavaBeanExecutable] HV000254: Missing parameter metadata for MyEnumWithValidatorAnnotation(String, int), which declares implicit or synthetic parameters. Automatic resolution of generic type information for method parameters may yield incorrect results if multiple parameters have the same erasure. To solve this, compile your code with the '-parameters' flag."
414,0,import io.smallrye.mutiny.Uni;
415,0,  1> 	at sun.reflect.DelegatingMethodAccessorImpl.invoke(DelegatingMethodAccessorImpl.java:43) ~[?:?]
416,0,          [
417,0,```
418,0,        at org.junit.Assert.assertEquals(Assert.java:144)
419,0,quarkus.keycloak.policy-enforcer.claim-information-point.claims.request-uri={request.relativePath}
420,0,cp ~/.m2/repository/org/antlr/antlr4/4.9/antlr4-4.9-complete.jar ~/antlr/sites/website-antlr4/download/antlr-4.9-complete.jar
421,0,```shell
422,0,``` java
423,0,"            ""caused_by"": {"
424,0,  at org.apache.lucene.util.AbstractBeforeAfterRule$1.evaluate(AbstractBeforeAfterRule.java:43)
425,0,    at org.elasticsearch.common.lucene.all.AllTermQuery$1.scorer(AllTermQuery.java:152)
426,0,       org.apache.lucene.index.MultiDocValues$OrdinalMap.<init>(MultiDocValues.java:805)
427,0,Shmem:               404 kB
428,0,	}
429,0,"[2015-12-14 14:04:46,433][WARN ][indices.cluster          ] [ELK-211] [[syslog-2015.12.14][2]] marking and sending shard failed due to [engine failure, reason [refresh failed]]"
430,0,"E/OMXMaster(30964): A component of name 'OMX.qcom.audio.decoder.aac' already exists, ignoring this one."
431,0,"		@GetMapping(value = ""/api/ping"")"
432,0,"        INDArray arr = Nd4j.createFromArray(1,2,3);"
433,0,            public void cancelled() {
434,0,at org.eclipse.osgi.framework.eventmgr.EventManager$EventThread.run(EventManager.java:340)
435,0,"            ""length"":6,"
436,0,importDcganGenerator(org.deeplearning4j.nn.modelimport.keras.e2e.KerasModelEndToEndTest)  Time elapsed: 0.001 sec  <<< ERROR!
437,0,	at java.base/java.io.ObjectOutputStream.writeObject0(ObjectOutputStream.java:1179)
438,0,  152 (8 bytes): com.oracle.svm.core.SubstrateDiagnostics.threadOnlyAttachedForCrashHandler = (bytes)
439,0,	at android.widget.FrameLayout.onMeasure(FrameLayout.java:310)
440,0,	at java.lang.Class.getAnnotation(Class.java:3415) ~[na:1.8.0_111]
441,0,    at org.mockito.internal.MockitoCore.mock(MockitoCore.java:59)
442,0,    public void create() {
443,0,"    ""file.separator"" : ""/"","
444,0,"    ""/path:{0} /port:{1} /systray:false /trace:e"","
445,0,	at org.elasticsearch.transport.TcpTransport$RequestHandler.doRun(TcpTransport.java:1528)
446,0,	at org.gradle.api.JavaVersion.assertTrue(JavaVersion.java:227)
447,0,    @Override
448,0,        at org.elasticsearch.common.netty.channel.DefaultChannelPipeline$DefaultChannelHandlerContext.sendUpstream(DefaultChannelPipeline.java:791)
449,0,        at org.springframework.beans.factory.support.AbstractBeanFactory.doGetBean(AbstractBeanFactory.java:302) ~[spring-beans-4.3.2.RELEASE.jar:4.3.2.RELEASE]
450,0,07-09 10:04:51.314    6427-6427/com.mycompany.film W/System.errï¹• at android.os.HandlerThread.run(HandlerThread.java:61)
451,0,        </property>
452,0,    </dependencies>
453,0,"  ""cluster_name"" : ""elasticsearch"","
454,0,"[2018-09-17T14:04:12,284][WARN ][o.e.d.z.ZenDiscovery     ] [node-0] not enough master nodes discovered during pinging (found [[Candidate{node={node-0}{KmP2xFKOQ-GUCA15iuQURw}{ZEl7VkmgTiCdbpyASsDgIg}{127.0.0.1}{127.0.0.1:38071}{testattr=test, ml.max_open_jobs=10, ml.enabled=true}, clusterStateVersion=-1}]], but needed [3]), pinging again"
455,0,	at org.elasticsearch.repositories.s3.S3BlobContainer.executeSingleUpload(S3BlobContainer.java:356) ~[?:?]
456,0,```
457,0,	};
458,0,"    List<Konsumen> getKonsumen(@Path(""time"") String time);"
459,0,"            },"
460,0,    at org.springframework.boot.SpringApplication.run(SpringApplication.java:941)
461,0,            );
462,0, Experimental: false
463,0,	at org.glassfish.jersey.server.model.ResourceMethodInvoker.apply(ResourceMethodInvoker.java:104)
464,0,j  org.apache.lucene.util.TestRuleIgnoreAfterMaxFailures$1.evaluate()V+62
465,0,[[1;34mINFO[m] -------------------------------------------------------
466,0,        label.setWrap(true);
467,0,  2> 	at java.lang.Thread.sleep(Native Method)
468,0,    date:modify: 2017-07-07T17:27:14+02:00
469,0,"        { ""mappings"" : {"
470,0,"          ""type"": ""integer"""
471,0,}
472,0,        .setSize(100)
473,0,android.os.strictmode.NonSdkApiUsedViolation: Landroid/media/AudioTrack;->getLatency()I
474,0,	at org.elasticsearch.client.RestClient.performRequest(RestClient.java:246)
475,0,``` java
476,0,   >    at java.base/sun.security.ssl.TransportContext.kickstart(TransportContext.java:205)
477,0,	at org.springframework.boot.SpringApplication.callRunners(SpringApplication.java:789) [main/:na]
478,0,            }
479,0,"            ],"
480,0,"`config.addDataSourceProperty(""prepStmtCacheSize"", 250);`"
481,0,    	} catch (Exception e) {
482,0,        <item>Nigeria</item>
483,0,```
484,0,    [creator]     Paketo Spring Boot Buildpack 4.1.0
485,0,Reason: can't load driver class 'oracle.jdbc.OracleDriver'
486,0,"				EndpointPair<String> edge2 = EndpointPair.ordered(n, current);"
487,0,	at org.elasticsearch.action.support.single.shard.TransportSingleShardAction$AsyncSingleAction$2.handleException(TransportSingleShardAction.java:276) ~[elasticsearch-7.0.0-SNAPSHOT.jar:7.0.0-SNAPSHOT]
488,0,      \tat org.elasticsearch.action.support.master.TransportMasterNodeAction.executeMasterOperation(TransportMasterNodeAction.java:97)\n\
489,0,                }
490,0,...
491,0,        Person baseModel = (Person) o;
492,0,}
493,0,C  [nd4jcuda.dll+0x6394cd]
494,0,import org.redisson.Redisson;
495,0,"var targetUrl = ""http://liveskateboardmedia.com/fr/article/a-croquer"";"
496,0,	at sun.reflect.NativeMethodAccessorImpl.invoke0(Native Method) ~[na:1.8.0_102]
497,0,    for parameter 1 at io.airlift.discovery.client.Announcer.<init>(Announcer.java:70)
498,0,                case 2:
499,0,        }
